#
# A fatal error has been detected by the Java Runtime Environment:
#
#  SIGSEGV (0xb) at pc=0x00007fff5d122dd0, pid=1209, tid=18179
#
# JRE version: Java(TM) SE Runtime Environment (9.0+11) (build 9.0.4+11)
# Java VM: Java HotSpot(TM) 64-Bit Server VM (9.0.4+11, mixed mode, tiered, compressed oops, g1 gc, bsd-amd64)
# Problematic frame:
# C  [libsystem_platform.dylib+0x1dd0]  _platform_memmove$VARIANT$Haswell+0xf0
#
# No core dump will be written. Core dumps have been disabled. To enable core dumping, try "ulimit -c unlimited" before starting Java again
#
# If you would like to submit a bug report, please visit:
#   http://bugreport.java.com/bugreport/crash.jsp
#

---------------  S U M M A R Y ------------

Command Line: -agentlib:jdwp=transport=dt_socket,suspend=y,address=localhost:50624 -javaagent:/Users/jah/eclipse/java-2018-12/Eclipse.app/Contents/Eclipse/configuration/org.eclipse.osgi/215/0/.cp/lib/javaagent-shaded.jar -Dfile.encoding=UTF-8 --module-path=/Users/jah/eclipse-workspace/DecoratorPattern_Assignment5/bin -Djdk.module.main=DecoratorPattern_Assignment5 DecoratorPattern_Assignment5/receiptsystem.Main

Host: MacBookPro12,1 x86_64 2700 MHz, 4 cores, 8G, Darwin 18.2.0
Time: Sun Apr 14 21:35:41 2019 EDT elapsed time: 673 seconds (0d 0h 11m 13s)

---------------  T H R E A D  ---------------

Current thread (0x00007faafd005000):  VMThread "VM Thread" [stack: 0x000070000f50e000,0x000070000f60e000] [id=18179]

Stack: [0x000070000f50e000,0x000070000f60e000],  sp=0x000070000f60d990,  free space=1022k
Native frames: (J=compiled Java code, A=aot compiled Java code, j=interpreted, Vv=VM code, C=native code)
C  [libsystem_platform.dylib+0x1dd0]  _platform_memmove$VARIANT$Haswell+0xf0
V  [libjvm.dylib+0x5e951f]  InterpreterOopMap::resource_copy(OopMapCacheEntry*)+0xa3
V  [libjvm.dylib+0x5e9a8e]  OopMapCache::compute_one_oop_map(methodHandle const&, int, InterpreterOopMap*)+0x13e
V  [libjvm.dylib+0x5e98a7]  OopMapCache::lookup(methodHandle const&, int, InterpreterOopMap*) const+0xa3
V  [libjvm.dylib+0x5b2be7]  Method::mask_for(int, InterpreterOopMap*)+0x61
V  [libjvm.dylib+0x4a7431]  VM_GetOrSetLocal::doit()+0x49
V  [libjvm.dylib+0x747827]  VM_Operation::evaluate()+0x8d
V  [libjvm.dylib+0x746e9c]  VMThread::evaluate_operation(VM_Operation*)+0xda
V  [libjvm.dylib+0x746b8e]  VMThread::loop()+0x2f6
V  [libjvm.dylib+0x7467b9]  VMThread::run()+0x75
V  [libjvm.dylib+0x5f02f3]  thread_native_entry(Thread*)+0x12b
C  [libsystem_pthread.dylib+0x3305]  _pthread_body+0x7e
C  [libsystem_pthread.dylib+0x626f]  _pthread_start+0x46
C  [libsystem_pthread.dylib+0x2415]  thread_start+0xd


siginfo: si_signo: 11 (SIGSEGV), si_code: 1 (SEGV_MAPERR), si_addr: 0x0000000000000000

Register to memory mapping:

RAX=0x00007faafd96e610 is an unknown value
RBX=0x00007faafcc0ec70 is an unknown value
RCX=0x0000000000000400 is an unknown value
RDX=0x0000000000002000 is an unknown value
RSP=0x000070000f60d990 is an unknown value
RBP=0x000070000f60d990 is an unknown value
RSI=0x0000000000000000 is an unknown value
RDI=0x00007faafd96e610 is an unknown value
R8 =0x00000000000129df is an unknown value
R9 =0xffffffff00000000 is an unknown value
R10=0x0000000107c1fb78: _ZL8tc_mutex+0x18 in /Library/Java/JavaVirtualMachines/jdk-9.0.4.jdk/Contents/Home/lib/server/libjvm.dylib at 0x0000000107317000
R11=0x00007faafd96e610 is an unknown value
R12=0x000070000f60daa0 is an unknown value
R13=0x000070000f60d9c0 is an unknown value
R14=0x000070000f60db50 is an unknown value
R15=0x0000000000000002 is an unknown value


Registers:
RAX=0x00007faafd96e610, RBX=0x00007faafcc0ec70, RCX=0x0000000000000400, RDX=0x0000000000002000
RSP=0x000070000f60d990, RBP=0x000070000f60d990, RSI=0x0000000000000000, RDI=0x00007faafd96e610
R8 =0x00000000000129df, R9 =0xffffffff00000000, R10=0x0000000107c1fb78, R11=0x00007faafd96e610
R12=0x000070000f60daa0, R13=0x000070000f60d9c0, R14=0x000070000f60db50, R15=0x0000000000000002
RIP=0x00007fff5d122dd0, EFLAGS=0x0000000000010287, ERR=0x0000000000000004
  TRAPNO=0x000000000000000e

Top of Stack: (sp=0x000070000f60d990)
0x000070000f60d990:   000070000f60d9b0 000000010790051f
0x000070000f60d9a0:   00007faafcc0ec70 000070000f60db50
0x000070000f60d9b0:   000070000f60da20 0000000107900a8e
0x000070000f60d9c0:   000000012a934b70 00007faafd005000
0x000070000f60d9d0:   0000000000000000 0000000000000000
0x000070000f60d9e0:   0000000000000000 0000000000000000
0x000070000f60d9f0:   0000000000000000 00007faafcf59860
0x000070000f60da00:   000070000f60daa0 0000000000000002
0x000070000f60da10:   000000000000021a 000000000000029a
0x000070000f60da20:   000070000f60da90 00000001079008a7
0x000070000f60da30:   0000000000000000 000070000f60db50
0x000070000f60da40:   00007faafcf59868 0000000107a4c6a1
0x000070000f60da50:   000070000e9e97c0 000000011984ff4c
0x000070000f60da60:   000000012a934570 000070000f60daa0
0x000070000f60da70:   000070000ff28a38 0000000107c36b70
0x000070000f60da80:   000070000f60db50 0000000000000002
0x000070000f60da90:   000070000f60dad0 00000001078c9be7
0x000070000f60daa0:   000000012a934b70 00007faafd005000
0x000070000f60dab0:   000000012a934b70 000000012a934b70
0x000070000f60dac0:   000070000f60db50 0000000000000000
0x000070000f60dad0:   000070000f60dbb0 00000001077be431
0x000070000f60dae0:   000000010797ddba 0000000107ae780f
0x000070000f60daf0:   0000000107c3f640 000000000000000d
0x000070000f60db00:   0000000107ae784b 0000000107c1d888
0x000070000f60db10:   000070000f60db90 000000010797cf06
0x000070000f60db20:   00007faafcf40100 0000000000000000
0x000070000f60db30:   000070000f60db40 0000000107907500
0x000070000f60db40:   000070000f60db50 0000000107ae784b
0x000070000f60db50:   000000012a934b70 0000ffff07a10002
0x000070000f60db60:   0000000000000000 00007faafd96e610
0x000070000f60db70:   0000000000000000 0000000000000000
0x000070000f60db80:   0000000000000000 000070000ff28a38 

Instructions: (pc=0x00007fff5d122dd0)
0x00007fff5d122db0:   42 8a 4c 06 01 42 88 4c 07 01 49 83 c0 02 48 83
0x00007fff5d122dc0:   ea 01 75 de 5d c3 66 2e 0f 1f 84 00 00 00 00 00
0x00007fff5d122dd0:   c5 fc 10 06 48 83 c7 20 48 83 e7 e0 48 89 f9 48
0x00007fff5d122de0:   29 c1 48 01 ce 48 29 ca c5 fc 10 0e c5 fc 11 00 

VM_Operation (0x000070000ff28a38): GetOrSetLocal, mode: safepoint, requested by thread 0x00007faafe07c800


---------------  P R O C E S S  ---------------

Java Threads: ( => current thread )
  0x00007faafda08000 JavaThread "Service Thread" daemon [_thread_blocked, id=41475, stack(0x0000700010132000,0x0000700010232000)]
  0x00007faafd80a800 JavaThread "JDWP Command Reader" daemon [_thread_in_native, id=23555, stack(0x000070001002f000,0x000070001012f000)]
  0x00007faafe07d800 JavaThread "JDWP Event Helper Thread" daemon [_thread_blocked, id=41987, stack(0x000070000ff2c000,0x000070001002c000)]
  0x00007faafe07c800 JavaThread "JDWP Transport Listener: dt_socket" daemon [_thread_blocked, id=23047, stack(0x000070000fe29000,0x000070000ff29000)]
  0x00007faafe015000 JavaThread "Common-Cleaner" daemon [_thread_blocked, id=42243, stack(0x000070000fd26000,0x000070000fe26000)]
  0x00007faafe012800 JavaThread "Sweeper thread" daemon [_thread_blocked, id=42755, stack(0x000070000fc23000,0x000070000fd23000)]
  0x00007faafe011800 JavaThread "C1 CompilerThread2" daemon [_thread_blocked, id=43011, stack(0x000070000fb20000,0x000070000fc20000)]
  0x00007faafe010800 JavaThread "C2 CompilerThread1" daemon [_thread_blocked, id=22275, stack(0x000070000fa1d000,0x000070000fb1d000)]
  0x00007faafe010000 JavaThread "C2 CompilerThread0" daemon [_thread_blocked, id=21763, stack(0x000070000f91a000,0x000070000fa1a000)]
  0x00007faafe00f000 JavaThread "Signal Dispatcher" daemon [_thread_blocked, id=15875, stack(0x000070000f817000,0x000070000f917000)]
  0x00007faafe01b000 JavaThread "Finalizer" daemon [_thread_blocked, id=17411, stack(0x000070000f714000,0x000070000f814000)]
  0x00007faafd007800 JavaThread "Reference Handler" daemon [_thread_blocked, id=13827, stack(0x000070000f611000,0x000070000f711000)]
  0x00007faafd80c000 JavaThread "main" [_thread_blocked, id=6659, stack(0x000070000e8ea000,0x000070000e9ea000)]

Other Threads:
=>0x00007faafd005000 VMThread "VM Thread" [stack: 0x000070000f50e000,0x000070000f60e000] [id=18179]
  0x00007faafe0b2800 WatcherThread [stack: 0x0000700010235000,0x0000700010335000] [id=24323]
  0x00007faafe808000 GCTaskThread "GC Thread#0" [stack: 0x000070000e9ed000,0x000070000eaed000] [id=21507]
  0x00007faafe80e000 GCTaskThread "GC Thread#1" [stack: 0x000070000eaf0000,0x000070000ebf0000] [id=21251]
  0x00007faafe80f000 GCTaskThread "GC Thread#2" [stack: 0x000070000ebf3000,0x000070000ecf3000] [id=20739]
  0x00007faafd004800 GCTaskThread "GC Thread#3" [stack: 0x000070000ecf6000,0x000070000edf6000] [id=11267]
  0x00007faafe83b800 ConcurrentGCThread "G1 Main Marker" [stack: 0x000070000f308000,0x000070000f408000] [id=12803]
  0x00007faafe83c800 ConcurrentGCThread "G1 Marker#0" [stack: 0x000070000f40b000,0x000070000f50b000] [id=18435]
  0x00007faafe816800 ConcurrentGCThread "G1 Refine#0" [stack: 0x000070000f102000,0x000070000f202000] [id=12291]
  0x00007faafe815800 ConcurrentGCThread "G1 Refine#1" [stack: 0x000070000efff000,0x000070000f0ff000] [id=11779]
  0x00007faafe815000 ConcurrentGCThread "G1 Refine#2" [stack: 0x000070000eefc000,0x000070000effc000] [id=19715]
  0x00007faafe814000 ConcurrentGCThread "G1 Refine#3" [stack: 0x000070000edf9000,0x000070000eef9000] [id=19971]
  0x00007faafe817000 ConcurrentGCThread "G1 Young RemSet Sampling" [stack: 0x000070000f205000,0x000070000f305000] [id=19203]

Threads with active compile tasks:

VM state:at safepoint (normal execution)

VM Mutex/Monitor currently owned by a thread:  ([mutex/lock_event])
[0x00007faafcf06b30] Threads_lock - owner thread: 0x00007faafd005000

Heap address: 0x0000000740000000, size: 2048 MB, Compressed Oops mode: Zero based, Oop shift amount: 3
Narrow klass base: 0x0000000000000000, Narrow klass shift: 3
Compressed class space size: 1073741824 Address: 0x00000007c0000000

Heap:
 garbage-first heap   total 131072K, used 9216K [0x0000000740000000, 0x0000000740100400, 0x00000007c0000000)
  region size 1024K, 10 young (10240K), 0 survivors (0K)
 Metaspace       used 10298K, capacity 10536K, committed 10752K, reserved 1058816K
  class space    used 929K, capacity 975K, committed 1024K, reserved 1048576K
Heap Regions: E=young(eden), S=young(survivor), O=old, HS=humongous(starts), HC=humongous(continues), CS=collection set, F=free, A=archive, TS=gc time stamp, AC=allocation context, TAMS=top-at-mark-start (previous, next)
|   0|0x0000000740000000, 0x0000000740000000, 0x0000000740100000|  0%| F|  |TS  0|AC  0|TAMS 0x0000000740000000, 0x0000000740000000|
|   1|0x0000000740100000, 0x0000000740100000, 0x0000000740200000|  0%| F|  |TS  0|AC  0|TAMS 0x0000000740100000, 0x0000000740100000|
|   2|0x0000000740200000, 0x0000000740200000, 0x0000000740300000|  0%| F|  |TS  0|AC  0|TAMS 0x0000000740200000, 0x0000000740200000|
|   3|0x0000000740300000, 0x0000000740300000, 0x0000000740400000|  0%| F|  |TS  0|AC  0|TAMS 0x0000000740300000, 0x0000000740300000|
|   4|0x0000000740400000, 0x0000000740400000, 0x0000000740500000|  0%| F|  |TS  0|AC  0|TAMS 0x0000000740400000, 0x0000000740400000|
|   5|0x0000000740500000, 0x0000000740500000, 0x0000000740600000|  0%| F|  |TS  0|AC  0|TAMS 0x0000000740500000, 0x0000000740500000|
|   6|0x0000000740600000, 0x0000000740600000, 0x0000000740700000|  0%| F|  |TS  0|AC  0|TAMS 0x0000000740600000, 0x0000000740600000|
|   7|0x0000000740700000, 0x0000000740700000, 0x0000000740800000|  0%| F|  |TS  0|AC  0|TAMS 0x0000000740700000, 0x0000000740700000|
|   8|0x0000000740800000, 0x0000000740800000, 0x0000000740900000|  0%| F|  |TS  0|AC  0|TAMS 0x0000000740800000, 0x0000000740800000|
|   9|0x0000000740900000, 0x0000000740900000, 0x0000000740a00000|  0%| F|  |TS  0|AC  0|TAMS 0x0000000740900000, 0x0000000740900000|
|  10|0x0000000740a00000, 0x0000000740a00000, 0x0000000740b00000|  0%| F|  |TS  0|AC  0|TAMS 0x0000000740a00000, 0x0000000740a00000|
|  11|0x0000000740b00000, 0x0000000740b00000, 0x0000000740c00000|  0%| F|  |TS  0|AC  0|TAMS 0x0000000740b00000, 0x0000000740b00000|
|  12|0x0000000740c00000, 0x0000000740c00000, 0x0000000740d00000|  0%| F|  |TS  0|AC  0|TAMS 0x0000000740c00000, 0x0000000740c00000|
|  13|0x0000000740d00000, 0x0000000740d00000, 0x0000000740e00000|  0%| F|  |TS  0|AC  0|TAMS 0x0000000740d00000, 0x0000000740d00000|
|  14|0x0000000740e00000, 0x0000000740e00000, 0x0000000740f00000|  0%| F|  |TS  0|AC  0|TAMS 0x0000000740e00000, 0x0000000740e00000|
|  15|0x0000000740f00000, 0x0000000740f00000, 0x0000000741000000|  0%| F|  |TS  0|AC  0|TAMS 0x0000000740f00000, 0x0000000740f00000|
|  16|0x0000000741000000, 0x0000000741000000, 0x0000000741100000|  0%| F|  |TS  0|AC  0|TAMS 0x0000000741000000, 0x0000000741000000|
|  17|0x0000000741100000, 0x0000000741100000, 0x0000000741200000|  0%| F|  |TS  0|AC  0|TAMS 0x0000000741100000, 0x0000000741100000|
|  18|0x0000000741200000, 0x0000000741200000, 0x0000000741300000|  0%| F|  |TS  0|AC  0|TAMS 0x0000000741200000, 0x0000000741200000|
|  19|0x0000000741300000, 0x0000000741300000, 0x0000000741400000|  0%| F|  |TS  0|AC  0|TAMS 0x0000000741300000, 0x0000000741300000|
|  20|0x0000000741400000, 0x0000000741400000, 0x0000000741500000|  0%| F|  |TS  0|AC  0|TAMS 0x0000000741400000, 0x0000000741400000|
|  21|0x0000000741500000, 0x0000000741500000, 0x0000000741600000|  0%| F|  |TS  0|AC  0|TAMS 0x0000000741500000, 0x0000000741500000|
|  22|0x0000000741600000, 0x0000000741600000, 0x0000000741700000|  0%| F|  |TS  0|AC  0|TAMS 0x0000000741600000, 0x0000000741600000|
|  23|0x0000000741700000, 0x0000000741700000, 0x0000000741800000|  0%| F|  |TS  0|AC  0|TAMS 0x0000000741700000, 0x0000000741700000|
|  24|0x0000000741800000, 0x0000000741800000, 0x0000000741900000|  0%| F|  |TS  0|AC  0|TAMS 0x0000000741800000, 0x0000000741800000|
|  25|0x0000000741900000, 0x0000000741900000, 0x0000000741a00000|  0%| F|  |TS  0|AC  0|TAMS 0x0000000741900000, 0x0000000741900000|
|  26|0x0000000741a00000, 0x0000000741a00000, 0x0000000741b00000|  0%| F|  |TS  0|AC  0|TAMS 0x0000000741a00000, 0x0000000741a00000|
|  27|0x0000000741b00000, 0x0000000741b00000, 0x0000000741c00000|  0%| F|  |TS  0|AC  0|TAMS 0x0000000741b00000, 0x0000000741b00000|
|  28|0x0000000741c00000, 0x0000000741c00000, 0x0000000741d00000|  0%| F|  |TS  0|AC  0|TAMS 0x0000000741c00000, 0x0000000741c00000|
|  29|0x0000000741d00000, 0x0000000741d00000, 0x0000000741e00000|  0%| F|  |TS  0|AC  0|TAMS 0x0000000741d00000, 0x0000000741d00000|
|  30|0x0000000741e00000, 0x0000000741e00000, 0x0000000741f00000|  0%| F|  |TS  0|AC  0|TAMS 0x0000000741e00000, 0x0000000741e00000|
|  31|0x0000000741f00000, 0x0000000741f00000, 0x0000000742000000|  0%| F|  |TS  0|AC  0|TAMS 0x0000000741f00000, 0x0000000741f00000|
|  32|0x0000000742000000, 0x0000000742000000, 0x0000000742100000|  0%| F|  |TS  0|AC  0|TAMS 0x0000000742000000, 0x0000000742000000|
|  33|0x0000000742100000, 0x0000000742100000, 0x0000000742200000|  0%| F|  |TS  0|AC  0|TAMS 0x0000000742100000, 0x0000000742100000|
|  34|0x0000000742200000, 0x0000000742200000, 0x0000000742300000|  0%| F|  |TS  0|AC  0|TAMS 0x0000000742200000, 0x0000000742200000|
|  35|0x0000000742300000, 0x0000000742300000, 0x0000000742400000|  0%| F|  |TS  0|AC  0|TAMS 0x0000000742300000, 0x0000000742300000|
|  36|0x0000000742400000, 0x0000000742400000, 0x0000000742500000|  0%| F|  |TS  0|AC  0|TAMS 0x0000000742400000, 0x0000000742400000|
|  37|0x0000000742500000, 0x0000000742500000, 0x0000000742600000|  0%| F|  |TS  0|AC  0|TAMS 0x0000000742500000, 0x0000000742500000|
|  38|0x0000000742600000, 0x0000000742600000, 0x0000000742700000|  0%| F|  |TS  0|AC  0|TAMS 0x0000000742600000, 0x0000000742600000|
|  39|0x0000000742700000, 0x0000000742700000, 0x0000000742800000|  0%| F|  |TS  0|AC  0|TAMS 0x0000000742700000, 0x0000000742700000|
|  40|0x0000000742800000, 0x0000000742800000, 0x0000000742900000|  0%| F|  |TS  0|AC  0|TAMS 0x0000000742800000, 0x0000000742800000|
|  41|0x0000000742900000, 0x0000000742900000, 0x0000000742a00000|  0%| F|  |TS  0|AC  0|TAMS 0x0000000742900000, 0x0000000742900000|
|  42|0x0000000742a00000, 0x0000000742a00000, 0x0000000742b00000|  0%| F|  |TS  0|AC  0|TAMS 0x0000000742a00000, 0x0000000742a00000|
|  43|0x0000000742b00000, 0x0000000742b00000, 0x0000000742c00000|  0%| F|  |TS  0|AC  0|TAMS 0x0000000742b00000, 0x0000000742b00000|
|  44|0x0000000742c00000, 0x0000000742c00000, 0x0000000742d00000|  0%| F|  |TS  0|AC  0|TAMS 0x0000000742c00000, 0x0000000742c00000|
|  45|0x0000000742d00000, 0x0000000742d00000, 0x0000000742e00000|  0%| F|  |TS  0|AC  0|TAMS 0x0000000742d00000, 0x0000000742d00000|
|  46|0x0000000742e00000, 0x0000000742e00000, 0x0000000742f00000|  0%| F|  |TS  0|AC  0|TAMS 0x0000000742e00000, 0x0000000742e00000|
|  47|0x0000000742f00000, 0x0000000742f00000, 0x0000000743000000|  0%| F|  |TS  0|AC  0|TAMS 0x0000000742f00000, 0x0000000742f00000|
|  48|0x0000000743000000, 0x0000000743000000, 0x0000000743100000|  0%| F|  |TS  0|AC  0|TAMS 0x0000000743000000, 0x0000000743000000|
|  49|0x0000000743100000, 0x0000000743100000, 0x0000000743200000|  0%| F|  |TS  0|AC  0|TAMS 0x0000000743100000, 0x0000000743100000|
|  50|0x0000000743200000, 0x0000000743200000, 0x0000000743300000|  0%| F|  |TS  0|AC  0|TAMS 0x0000000743200000, 0x0000000743200000|
|  51|0x0000000743300000, 0x0000000743300000, 0x0000000743400000|  0%| F|  |TS  0|AC  0|TAMS 0x0000000743300000, 0x0000000743300000|
|  52|0x0000000743400000, 0x0000000743400000, 0x0000000743500000|  0%| F|  |TS  0|AC  0|TAMS 0x0000000743400000, 0x0000000743400000|
|  53|0x0000000743500000, 0x0000000743500000, 0x0000000743600000|  0%| F|  |TS  0|AC  0|TAMS 0x0000000743500000, 0x0000000743500000|
|  54|0x0000000743600000, 0x0000000743600000, 0x0000000743700000|  0%| F|  |TS  0|AC  0|TAMS 0x0000000743600000, 0x0000000743600000|
|  55|0x0000000743700000, 0x0000000743700000, 0x0000000743800000|  0%| F|  |TS  0|AC  0|TAMS 0x0000000743700000, 0x0000000743700000|
|  56|0x0000000743800000, 0x0000000743800000, 0x0000000743900000|  0%| F|  |TS  0|AC  0|TAMS 0x0000000743800000, 0x0000000743800000|
|  57|0x0000000743900000, 0x0000000743900000, 0x0000000743a00000|  0%| F|  |TS  0|AC  0|TAMS 0x0000000743900000, 0x0000000743900000|
|  58|0x0000000743a00000, 0x0000000743a00000, 0x0000000743b00000|  0%| F|  |TS  0|AC  0|TAMS 0x0000000743a00000, 0x0000000743a00000|
|  59|0x0000000743b00000, 0x0000000743b00000, 0x0000000743c00000|  0%| F|  |TS  0|AC  0|TAMS 0x0000000743b00000, 0x0000000743b00000|
|  60|0x0000000743c00000, 0x0000000743c00000, 0x0000000743d00000|  0%| F|  |TS  0|AC  0|TAMS 0x0000000743c00000, 0x0000000743c00000|
|  61|0x0000000743d00000, 0x0000000743d00000, 0x0000000743e00000|  0%| F|  |TS  0|AC  0|TAMS 0x0000000743d00000, 0x0000000743d00000|
|  62|0x0000000743e00000, 0x0000000743e00000, 0x0000000743f00000|  0%| F|  |TS  0|AC  0|TAMS 0x0000000743e00000, 0x0000000743e00000|
|  63|0x0000000743f00000, 0x0000000743f00000, 0x0000000744000000|  0%| F|  |TS  0|AC  0|TAMS 0x0000000743f00000, 0x0000000743f00000|
|  64|0x0000000744000000, 0x0000000744000000, 0x0000000744100000|  0%| F|  |TS  0|AC  0|TAMS 0x0000000744000000, 0x0000000744000000|
|  65|0x0000000744100000, 0x0000000744100000, 0x0000000744200000|  0%| F|  |TS  0|AC  0|TAMS 0x0000000744100000, 0x0000000744100000|
|  66|0x0000000744200000, 0x0000000744200000, 0x0000000744300000|  0%| F|  |TS  0|AC  0|TAMS 0x0000000744200000, 0x0000000744200000|
|  67|0x0000000744300000, 0x0000000744300000, 0x0000000744400000|  0%| F|  |TS  0|AC  0|TAMS 0x0000000744300000, 0x0000000744300000|
|  68|0x0000000744400000, 0x0000000744400000, 0x0000000744500000|  0%| F|  |TS  0|AC  0|TAMS 0x0000000744400000, 0x0000000744400000|
|  69|0x0000000744500000, 0x0000000744500000, 0x0000000744600000|  0%| F|  |TS  0|AC  0|TAMS 0x0000000744500000, 0x0000000744500000|
|  70|0x0000000744600000, 0x0000000744600000, 0x0000000744700000|  0%| F|  |TS  0|AC  0|TAMS 0x0000000744600000, 0x0000000744600000|
|  71|0x0000000744700000, 0x0000000744700000, 0x0000000744800000|  0%| F|  |TS  0|AC  0|TAMS 0x0000000744700000, 0x0000000744700000|
|  72|0x0000000744800000, 0x0000000744800000, 0x0000000744900000|  0%| F|  |TS  0|AC  0|TAMS 0x0000000744800000, 0x0000000744800000|
|  73|0x0000000744900000, 0x0000000744900000, 0x0000000744a00000|  0%| F|  |TS  0|AC  0|TAMS 0x0000000744900000, 0x0000000744900000|
|  74|0x0000000744a00000, 0x0000000744a00000, 0x0000000744b00000|  0%| F|  |TS  0|AC  0|TAMS 0x0000000744a00000, 0x0000000744a00000|
|  75|0x0000000744b00000, 0x0000000744b00000, 0x0000000744c00000|  0%| F|  |TS  0|AC  0|TAMS 0x0000000744b00000, 0x0000000744b00000|
|  76|0x0000000744c00000, 0x0000000744c00000, 0x0000000744d00000|  0%| F|  |TS  0|AC  0|TAMS 0x0000000744c00000, 0x0000000744c00000|
|  77|0x0000000744d00000, 0x0000000744d00000, 0x0000000744e00000|  0%| F|  |TS  0|AC  0|TAMS 0x0000000744d00000, 0x0000000744d00000|
|  78|0x0000000744e00000, 0x0000000744e00000, 0x0000000744f00000|  0%| F|  |TS  0|AC  0|TAMS 0x0000000744e00000, 0x0000000744e00000|
|  79|0x0000000744f00000, 0x0000000744f00000, 0x0000000745000000|  0%| F|  |TS  0|AC  0|TAMS 0x0000000744f00000, 0x0000000744f00000|
|  80|0x0000000745000000, 0x0000000745000000, 0x0000000745100000|  0%| F|  |TS  0|AC  0|TAMS 0x0000000745000000, 0x0000000745000000|
|  81|0x0000000745100000, 0x0000000745100000, 0x0000000745200000|  0%| F|  |TS  0|AC  0|TAMS 0x0000000745100000, 0x0000000745100000|
|  82|0x0000000745200000, 0x0000000745200000, 0x0000000745300000|  0%| F|  |TS  0|AC  0|TAMS 0x0000000745200000, 0x0000000745200000|
|  83|0x0000000745300000, 0x0000000745300000, 0x0000000745400000|  0%| F|  |TS  0|AC  0|TAMS 0x0000000745300000, 0x0000000745300000|
|  84|0x0000000745400000, 0x0000000745400000, 0x0000000745500000|  0%| F|  |TS  0|AC  0|TAMS 0x0000000745400000, 0x0000000745400000|
|  85|0x0000000745500000, 0x0000000745500000, 0x0000000745600000|  0%| F|  |TS  0|AC  0|TAMS 0x0000000745500000, 0x0000000745500000|
|  86|0x0000000745600000, 0x0000000745600000, 0x0000000745700000|  0%| F|  |TS  0|AC  0|TAMS 0x0000000745600000, 0x0000000745600000|
|  87|0x0000000745700000, 0x0000000745700000, 0x0000000745800000|  0%| F|  |TS  0|AC  0|TAMS 0x0000000745700000, 0x0000000745700000|
|  88|0x0000000745800000, 0x0000000745800000, 0x0000000745900000|  0%| F|  |TS  0|AC  0|TAMS 0x0000000745800000, 0x0000000745800000|
|  89|0x0000000745900000, 0x0000000745900000, 0x0000000745a00000|  0%| F|  |TS  0|AC  0|TAMS 0x0000000745900000, 0x0000000745900000|
|  90|0x0000000745a00000, 0x0000000745a00000, 0x0000000745b00000|  0%| F|  |TS  0|AC  0|TAMS 0x0000000745a00000, 0x0000000745a00000|
|  91|0x0000000745b00000, 0x0000000745b00000, 0x0000000745c00000|  0%| F|  |TS  0|AC  0|TAMS 0x0000000745b00000, 0x0000000745b00000|
|  92|0x0000000745c00000, 0x0000000745c00000, 0x0000000745d00000|  0%| F|  |TS  0|AC  0|TAMS 0x0000000745c00000, 0x0000000745c00000|
|  93|0x0000000745d00000, 0x0000000745d00000, 0x0000000745e00000|  0%| F|  |TS  0|AC  0|TAMS 0x0000000745d00000, 0x0000000745d00000|
|  94|0x0000000745e00000, 0x0000000745e00000, 0x0000000745f00000|  0%| F|  |TS  0|AC  0|TAMS 0x0000000745e00000, 0x0000000745e00000|
|  95|0x0000000745f00000, 0x0000000745f00000, 0x0000000746000000|  0%| F|  |TS  0|AC  0|TAMS 0x0000000745f00000, 0x0000000745f00000|
|  96|0x0000000746000000, 0x0000000746000000, 0x0000000746100000|  0%| F|  |TS  0|AC  0|TAMS 0x0000000746000000, 0x0000000746000000|
|  97|0x0000000746100000, 0x0000000746100000, 0x0000000746200000|  0%| F|  |TS  0|AC  0|TAMS 0x0000000746100000, 0x0000000746100000|
|  98|0x0000000746200000, 0x0000000746200000, 0x0000000746300000|  0%| F|  |TS  0|AC  0|TAMS 0x0000000746200000, 0x0000000746200000|
|  99|0x0000000746300000, 0x0000000746300000, 0x0000000746400000|  0%| F|  |TS  0|AC  0|TAMS 0x0000000746300000, 0x0000000746300000|
| 100|0x0000000746400000, 0x0000000746400000, 0x0000000746500000|  0%| F|  |TS  0|AC  0|TAMS 0x0000000746400000, 0x0000000746400000|
| 101|0x0000000746500000, 0x0000000746500000, 0x0000000746600000|  0%| F|  |TS  0|AC  0|TAMS 0x0000000746500000, 0x0000000746500000|
| 102|0x0000000746600000, 0x0000000746600000, 0x0000000746700000|  0%| F|  |TS  0|AC  0|TAMS 0x0000000746600000, 0x0000000746600000|
| 103|0x0000000746700000, 0x0000000746700000, 0x0000000746800000|  0%| F|  |TS  0|AC  0|TAMS 0x0000000746700000, 0x0000000746700000|
| 104|0x0000000746800000, 0x0000000746800000, 0x0000000746900000|  0%| F|  |TS  0|AC  0|TAMS 0x0000000746800000, 0x0000000746800000|
| 105|0x0000000746900000, 0x0000000746900000, 0x0000000746a00000|  0%| F|  |TS  0|AC  0|TAMS 0x0000000746900000, 0x0000000746900000|
| 106|0x0000000746a00000, 0x0000000746a00000, 0x0000000746b00000|  0%| F|  |TS  0|AC  0|TAMS 0x0000000746a00000, 0x0000000746a00000|
| 107|0x0000000746b00000, 0x0000000746b00000, 0x0000000746c00000|  0%| F|  |TS  0|AC  0|TAMS 0x0000000746b00000, 0x0000000746b00000|
| 108|0x0000000746c00000, 0x0000000746c00000, 0x0000000746d00000|  0%| F|  |TS  0|AC  0|TAMS 0x0000000746c00000, 0x0000000746c00000|
| 109|0x0000000746d00000, 0x0000000746d00000, 0x0000000746e00000|  0%| F|  |TS  0|AC  0|TAMS 0x0000000746d00000, 0x0000000746d00000|
| 110|0x0000000746e00000, 0x0000000746e00000, 0x0000000746f00000|  0%| F|  |TS  0|AC  0|TAMS 0x0000000746e00000, 0x0000000746e00000|
| 111|0x0000000746f00000, 0x0000000746f00000, 0x0000000747000000|  0%| F|  |TS  0|AC  0|TAMS 0x0000000746f00000, 0x0000000746f00000|
| 112|0x0000000747000000, 0x0000000747000000, 0x0000000747100000|  0%| F|  |TS  0|AC  0|TAMS 0x0000000747000000, 0x0000000747000000|
| 113|0x0000000747100000, 0x0000000747100000, 0x0000000747200000|  0%| F|  |TS  0|AC  0|TAMS 0x0000000747100000, 0x0000000747100000|
| 114|0x0000000747200000, 0x0000000747200000, 0x0000000747300000|  0%| F|  |TS  0|AC  0|TAMS 0x0000000747200000, 0x0000000747200000|
| 115|0x0000000747300000, 0x0000000747300000, 0x0000000747400000|  0%| F|  |TS  0|AC  0|TAMS 0x0000000747300000, 0x0000000747300000|
| 116|0x0000000747400000, 0x0000000747400000, 0x0000000747500000|  0%| F|  |TS  0|AC  0|TAMS 0x0000000747400000, 0x0000000747400000|
| 117|0x0000000747500000, 0x0000000747500000, 0x0000000747600000|  0%| F|  |TS  0|AC  0|TAMS 0x0000000747500000, 0x0000000747500000|
| 118|0x0000000747600000, 0x00000007476db970, 0x0000000747700000| 85%| E|  |TS  0|AC  0|TAMS 0x0000000747600000, 0x0000000747600000|
| 119|0x0000000747700000, 0x0000000747800000, 0x0000000747800000|100%| E|CS|TS  0|AC  0|TAMS 0x0000000747700000, 0x0000000747700000|
| 120|0x0000000747800000, 0x0000000747900000, 0x0000000747900000|100%| E|CS|TS  0|AC  0|TAMS 0x0000000747800000, 0x0000000747800000|
| 121|0x0000000747900000, 0x0000000747a00000, 0x0000000747a00000|100%| E|CS|TS  0|AC  0|TAMS 0x0000000747900000, 0x0000000747900000|
| 122|0x0000000747a00000, 0x0000000747b00000, 0x0000000747b00000|100%| E|CS|TS  0|AC  0|TAMS 0x0000000747a00000, 0x0000000747a00000|
| 123|0x0000000747b00000, 0x0000000747c00000, 0x0000000747c00000|100%| E|CS|TS  0|AC  0|TAMS 0x0000000747b00000, 0x0000000747b00000|
| 124|0x0000000747c00000, 0x0000000747d00000, 0x0000000747d00000|100%| E|CS|TS  0|AC  0|TAMS 0x0000000747c00000, 0x0000000747c00000|
| 125|0x0000000747d00000, 0x0000000747e00000, 0x0000000747e00000|100%| E|CS|TS  0|AC  0|TAMS 0x0000000747d00000, 0x0000000747d00000|
| 126|0x0000000747e00000, 0x0000000747f00000, 0x0000000747f00000|100%| E|CS|TS  0|AC  0|TAMS 0x0000000747e00000, 0x0000000747e00000|
| 127|0x0000000747f00000, 0x0000000748000000, 0x0000000748000000|100%| E|CS|TS  0|AC  0|TAMS 0x0000000747f00000, 0x0000000747f00000|

Card table byte_map: [0x00000001096c3000,0x0000000109ac3000] byte_map_base: 0x0000000105cc3000

Marking Bits (Prev, Next): (CMBitMap*) 0x00007faafe83b070, (CMBitMap*) 0x00007faafe83b0a8
 Prev Bits: [0x0000000109ec3000, 0x000000010bec3000)
 Next Bits: [0x000000010bec3000, 0x000000010dec3000)

Polling page: 0x0000000107ffc000

CodeHeap 'non-profiled nmethods': size=120032Kb used=192Kb max_used=198Kb free=119839Kb
 bounds [0x00000001212fc000, 0x000000012156c000, 0x0000000128834000]
CodeHeap 'profiled nmethods': size=120032Kb used=900Kb max_used=982Kb free=119131Kb
 bounds [0x0000000119dc4000, 0x000000011a034000, 0x00000001212fc000]
CodeHeap 'non-nmethods': size=5696Kb used=1208Kb max_used=1220Kb free=4488Kb
 bounds [0x0000000119834000, 0x0000000119aa4000, 0x0000000119dc4000]
 total_blobs=1135 nmethods=565 adapters=298
 compilation: enabled

Compilation events (10 events):
Event: 554.464 Thread 0x00007faafe011800  617       3       org.eclipse.jdt.launching.internal.org.objectweb.asm.ByteVector::putInt (74 bytes)
Event: 554.467 Thread 0x00007faafe011800 nmethod 617 0x0000000119dc5110 code [0x0000000119dc52e0, 0x0000000119dc5588]
Event: 554.467 Thread 0x00007faafe011800  616       3       org.eclipse.jdt.launching.internal.org.objectweb.asm.ByteVector::putByteArray (49 bytes)
Event: 554.467 Thread 0x00007faafe011800 nmethod 616 0x0000000119dc6d90 code [0x0000000119dc6f60, 0x0000000119dc7278]
Event: 554.467 Thread 0x00007faafe011800  615       3       org.eclipse.jdt.launching.internal.org.objectweb.asm.MethodWriter::visitMethodInsn (191 bytes)
Event: 554.468 Thread 0x00007faafe011800 nmethod 615 0x0000000119dc5c90 code [0x0000000119dc5ee0, 0x0000000119dc6a08]
Event: 673.171 Thread 0x00007faafe011800  618       3       org.eclipse.jdt.launching.internal.org.objectweb.asm.ClassReader::readLabel (20 bytes)
Event: 673.171 Thread 0x00007faafe010800  619       4       org.eclipse.jdt.launching.internal.org.objectweb.asm.ByteVector::putUTF8 (144 bytes)
Event: 673.171 Thread 0x00007faafe011800 nmethod 618 0x0000000119dd0d90 code [0x0000000119dd0f60, 0x0000000119dd13f0]
Event: 673.185 Thread 0x00007faafe010800 nmethod 619 0x000000012130f310 code [0x000000012130f500, 0x000000012130fa78]

GC Heap History (0 events):
No events

Deoptimization events (7 events):
Event: 0.464 Thread 0x00007faafd80c000 Uncommon trap: reason=class_check action=maybe_recompile pc=0x000000012130f740 method=java.util.HashMap.putVal(ILjava/lang/Object;Ljava/lang/Object;ZZ)Ljava/lang/Object; @ 91 c2
Event: 0.464 Thread 0x00007faafd80c000 Uncommon trap: reason=class_check action=maybe_recompile pc=0x000000012130f740 method=java.util.HashMap.putVal(ILjava/lang/Object;Ljava/lang/Object;ZZ)Ljava/lang/Object; @ 91 c2
Event: 0.464 Thread 0x00007faafd80c000 Uncommon trap: reason=class_check action=maybe_recompile pc=0x000000012130f740 method=java.util.HashMap.putVal(ILjava/lang/Object;Ljava/lang/Object;ZZ)Ljava/lang/Object; @ 91 c2
Event: 0.464 Thread 0x00007faafd80c000 Uncommon trap: reason=class_check action=maybe_recompile pc=0x000000012130f740 method=java.util.HashMap.putVal(ILjava/lang/Object;Ljava/lang/Object;ZZ)Ljava/lang/Object; @ 91 c2
Event: 0.475 Thread 0x00007faafd80c000 Uncommon trap: reason=unstable_if action=reinterpret pc=0x0000000121302320 method=java.lang.String.charAt(I)C @ 4 c2
Event: 0.568 Thread 0x00007faafd80c000 Uncommon trap: reason=bimorphic_or_optimized_type_check action=maybe_recompile pc=0x0000000121319998 method=java.util.HashMap.putVal(ILjava/lang/Object;Ljava/lang/Object;ZZ)Ljava/lang/Object; @ 152 c2
Event: 18.999 Thread 0x00007faafd80c000 Uncommon trap: reason=unstable_if action=reinterpret pc=0x000000012130aba8 method=java.lang.String.equals(Ljava/lang/Object;)Z @ 27 c2

Classes redefined (6 events):
Event: 453.636 Thread 0x00007faafd005000 redefined class name=receiptsystem.MDTaxComputation, count=1
Event: 543.045 Thread 0x00007faafd005000 redefined class name=receiptsystem.MDTaxComputation, count=2
Event: 554.465 Thread 0x00007faafd005000 redefined class name=receiptsystem.MDTaxComputation, count=3
Event: 565.018 Thread 0x00007faafd005000 redefined class name=receiptsystem.MDTaxComputation, count=4
Event: 619.988 Thread 0x00007faafd005000 redefined class name=receiptsystem.MDTaxComputation, count=5
Event: 673.175 Thread 0x00007faafd005000 redefined class name=receiptsystem.MDTaxComputation, count=6

Internal exceptions (7 events):
Event: 0.194 Thread 0x00007faafd80c000 Exception <a 'java/lang/NoSuchMethodError'{0x0000000747e35af8}: method resolution failed> (0x0000000747e35af8) thrown at [/scratch/mesos/slaves/450fa0f5-8733-43f8-b866-79fe3e86d200-S756/frameworks/1735e8a2-a1db-478c-8104-60c8b0af87dd-0196/executors/132405
Event: 0.208 Thread 0x00007faafd80c000 Exception <a 'java/lang/NoSuchMethodError'{0x0000000747e47808}: java.lang.invoke.DirectMethodHandle$Holder.invokeVirtual(Ljava/lang/Object;Ljava/lang/Object;)V> (0x0000000747e47808) thrown at [/scratch/mesos/slaves/450fa0f5-8733-43f8-b866-79fe3e86d200-S75
Event: 0.219 Thread 0x00007faafd80c000 Exception <a 'java/lang/NoSuchMethodError'{0x0000000747ea7290}: java.lang.invoke.DirectMethodHandle$Holder.invokeInterface(Ljava/lang/Object;Ljava/lang/Object;Ljava/lang/Object;)I> (0x0000000747ea7290) thrown at [/scratch/mesos/slaves/450fa0f5-8733-43f8-b
Event: 0.237 Thread 0x00007faafd80c000 Exception <a 'java/lang/NoSuchMethodError'{0x0000000747ec7058}: method resolution failed> (0x0000000747ec7058) thrown at [/scratch/mesos/slaves/450fa0f5-8733-43f8-b866-79fe3e86d200-S756/frameworks/1735e8a2-a1db-478c-8104-60c8b0af87dd-0196/executors/132405
Event: 0.649 Thread 0x00007faafd80c000 Exception <a 'java/lang/NoSuchMethodError'{0x000000074782bae0}: java.lang.Object.lambda$negate$3(I)Z> (0x000000074782bae0) thrown at [/scratch/mesos/slaves/450fa0f5-8733-43f8-b866-79fe3e86d200-S756/frameworks/1735e8a2-a1db-478c-8104-60c8b0af87dd-0196/exec
Event: 0.652 Thread 0x00007faafd80c000 Exception <a 'java/lang/NoSuchMethodError'{0x000000074782ef38}: java.lang.Object.lambda$and$0(Ljava/util/regex/Pattern$CharPredicate;I)Z> (0x000000074782ef38) thrown at [/scratch/mesos/slaves/450fa0f5-8733-43f8-b866-79fe3e86d200-S756/frameworks/1735e8a2-a
Event: 0.684 Thread 0x00007faafd80c000 Exception <a 'java/lang/NoSuchMethodError'{0x000000074772a830}: java.lang.Object.lambda$union$2(Ljava/util/regex/Pattern$CharPredicate;I)Z> (0x000000074772a830) thrown at [/scratch/mesos/slaves/450fa0f5-8733-43f8-b866-79fe3e86d200-S756/frameworks/1735e8a2

Events (10 events):
Event: 673.194 Executing VM operation: GetFrameLocation done
Event: 673.194 Executing VM operation: EnterInterpOnlyMode
Event: 673.194 Executing VM operation: EnterInterpOnlyMode done
Event: 673.194 Executing VM operation: GetCurrentLocation
Event: 673.194 Executing VM operation: GetCurrentLocation done
Event: 673.194 Executing VM operation: ChangeSingleStep
Event: 673.194 Executing VM operation: ChangeSingleStep done
Event: 673.194 Executing VM operation: GetFrameLocation
Event: 673.194 Executing VM operation: GetFrameLocation done
Event: 673.194 Executing VM operation: GetOrSetLocal


Dynamic libraries:
0x00007fff2f48f000 	/System/Library/Frameworks/Cocoa.framework/Versions/A/Cocoa
0x00007fff3b74e000 	/System/Library/Frameworks/Security.framework/Versions/A/Security
0x00007fff2e096000 	/System/Library/Frameworks/ApplicationServices.framework/Versions/A/ApplicationServices
0x00007fff5cd39000 	/usr/lib/libz.1.dylib
0x00007fff5a3ae000 	/usr/lib/libSystem.B.dylib
0x00007fff2fcb2000 	/System/Library/Frameworks/CoreFoundation.framework/Versions/A/CoreFoundation
0x00007fff32037000 	/System/Library/Frameworks/Foundation.framework/Versions/C/Foundation
0x00007fff5be56000 	/usr/lib/libobjc.A.dylib
0x00007fff2d223000 	/System/Library/Frameworks/AppKit.framework/Versions/C/AppKit
0x00007fff2f826000 	/System/Library/Frameworks/CoreData.framework/Versions/A/CoreData
0x00007fff5357c000 	/System/Library/PrivateFrameworks/RemoteViewServices.framework/Versions/A/RemoteViewServices
0x00007fff5807c000 	/System/Library/PrivateFrameworks/UIFoundation.framework/Versions/A/UIFoundation
0x00007fff59834000 	/System/Library/PrivateFrameworks/XCTTargetBootstrap.framework/Versions/A/XCTTargetBootstrap
0x00007fff4e083000 	/System/Library/PrivateFrameworks/IconServices.framework/Versions/A/IconServices
0x00007fff34901000 	/System/Library/Frameworks/Metal.framework/Versions/A/Metal
0x00007fff45285000 	/System/Library/PrivateFrameworks/DesktopServicesPriv.framework/Versions/A/DesktopServicesPriv
0x00007fff5b169000 	/usr/lib/libenergytrace.dylib
0x00007fff55ded000 	/System/Library/PrivateFrameworks/SkyLight.framework/Versions/A/SkyLight
0x00007fff30101000 	/System/Library/Frameworks/CoreGraphics.framework/Versions/A/CoreGraphics
0x00007fff2bfde000 	/System/Library/Frameworks/Accelerate.framework/Versions/A/Accelerate
0x00007fff327c1000 	/System/Library/Frameworks/IOSurface.framework/Versions/A/IOSurface
0x00007fff450e7000 	/System/Library/PrivateFrameworks/DFRFoundation.framework/Versions/A/DFRFoundation
0x00007fff2e59b000 	/System/Library/Frameworks/AudioToolbox.framework/Versions/A/AudioToolbox
0x00007fff2e83a000 	/System/Library/Frameworks/AudioUnit.framework/Versions/A/AudioUnit
0x00007fff4517e000 	/System/Library/PrivateFrameworks/DataDetectorsCore.framework/Versions/A/DataDetectorsCore
0x00007fff2ef79000 	/System/Library/Frameworks/Carbon.framework/Versions/A/Frameworks/HIToolbox.framework/Versions/A/HIToolbox
0x00007fff5b2c4000 	/usr/lib/libicucore.A.dylib
0x00007fff3aca1000 	/System/Library/Frameworks/QuartzCore.framework/Versions/A/QuartzCore
0x00007fff2f360000 	/System/Library/Frameworks/Carbon.framework/Versions/A/Frameworks/SpeechRecognition.framework/Versions/A/SpeechRecognition
0x00007fff5a511000 	/usr/lib/libauto.dylib
0x00007fff5cc2c000 	/usr/lib/libxml2.2.dylib
0x00007fff44ce6000 	/System/Library/PrivateFrameworks/CoreUI.framework/Versions/A/CoreUI
0x00007fff2f704000 	/System/Library/Frameworks/CoreAudio.framework/Versions/A/CoreAudio
0x00007fff31e69000 	/System/Library/Frameworks/DiskArbitration.framework/Versions/A/DiskArbitration
0x00007fff5b574000 	/usr/lib/liblangid.dylib
0x00007fff4f533000 	/System/Library/PrivateFrameworks/MultitouchSupport.framework/Versions/A/MultitouchSupport
0x00007fff3272c000 	/System/Library/Frameworks/IOKit.framework/Versions/A/IOKit
0x00007fff59ffc000 	/usr/lib/libDiagnosticMessagesClient.dylib
0x00007fff30f6f000 	/System/Library/Frameworks/CoreServices.framework/Versions/A/CoreServices
0x00007fff51269000 	/System/Library/PrivateFrameworks/PerformanceAnalysis.framework/Versions/A/PerformanceAnalysis
0x00007fff39e36000 	/System/Library/Frameworks/OpenGL.framework/Versions/A/OpenGL
0x00007fff2f49d000 	/System/Library/Frameworks/ColorSync.framework/Versions/A/ColorSync
0x00007fff30790000 	/System/Library/Frameworks/CoreImage.framework/Versions/A/CoreImage
0x00007fff319b2000 	/System/Library/Frameworks/CoreText.framework/Versions/A/CoreText
0x00007fff32822000 	/System/Library/Frameworks/ImageIO.framework/Versions/A/ImageIO
0x00007fff41321000 	/System/Library/PrivateFrameworks/Backup.framework/Versions/A/Backup
0x00007fff5a464000 	/usr/lib/libarchive.2.dylib
0x00007fff2eb9e000 	/System/Library/Frameworks/CFNetwork.framework/Versions/A/CFNetwork
0x00007fff3bef9000 	/System/Library/Frameworks/SystemConfiguration.framework/Versions/A/SystemConfiguration
0x00007fff59f25000 	/usr/lib/libCRFSuite.dylib
0x00007fff5a608000 	/usr/lib/libc++.1.dylib
0x00007fff5a660000 	/usr/lib/libc++abi.dylib
0x00007fff5cdbc000 	/usr/lib/system/libcache.dylib
0x00007fff5cdc1000 	/usr/lib/system/libcommonCrypto.dylib
0x00007fff5cdcc000 	/usr/lib/system/libcompiler_rt.dylib
0x00007fff5cdd4000 	/usr/lib/system/libcopyfile.dylib
0x00007fff5cdde000 	/usr/lib/system/libcorecrypto.dylib
0x00007fff5cee9000 	/usr/lib/system/libdispatch.dylib
0x00007fff5cf24000 	/usr/lib/system/libdyld.dylib
0x00007fff5cf54000 	/usr/lib/system/libkeymgr.dylib
0x00007fff5cf62000 	/usr/lib/system/liblaunch.dylib
0x00007fff5cf63000 	/usr/lib/system/libmacho.dylib
0x00007fff5cf69000 	/usr/lib/system/libquarantine.dylib
0x00007fff5cf6c000 	/usr/lib/system/libremovefile.dylib
0x00007fff5cf6e000 	/usr/lib/system/libsystem_asl.dylib
0x00007fff5cf86000 	/usr/lib/system/libsystem_blocks.dylib
0x00007fff5cf87000 	/usr/lib/system/libsystem_c.dylib
0x00007fff5d010000 	/usr/lib/system/libsystem_configuration.dylib
0x00007fff5d014000 	/usr/lib/system/libsystem_coreservices.dylib
0x00007fff5d018000 	/usr/lib/system/libsystem_darwin.dylib
0x00007fff5d01f000 	/usr/lib/system/libsystem_dnssd.dylib
0x00007fff5d026000 	/usr/lib/system/libsystem_info.dylib
0x00007fff5d09c000 	/usr/lib/system/libsystem_m.dylib
0x00007fff5d0e8000 	/usr/lib/system/libsystem_malloc.dylib
0x00007fff5d10d000 	/usr/lib/system/libsystem_networkextension.dylib
0x00007fff5d119000 	/usr/lib/system/libsystem_notify.dylib
0x00007fff5d136000 	/usr/lib/system/libsystem_sandbox.dylib
0x00007fff5d13a000 	/usr/lib/system/libsystem_secinit.dylib
0x00007fff5d073000 	/usr/lib/system/libsystem_kernel.dylib
0x00007fff5d121000 	/usr/lib/system/libsystem_platform.dylib
0x00007fff5d12b000 	/usr/lib/system/libsystem_pthread.dylib
0x00007fff5d13d000 	/usr/lib/system/libsystem_symptoms.dylib
0x00007fff5d145000 	/usr/lib/system/libsystem_trace.dylib
0x00007fff5d15c000 	/usr/lib/system/libunwind.dylib
0x00007fff5d162000 	/usr/lib/system/libxpc.dylib
0x00007fff5a5e8000 	/usr/lib/libbsm.0.dylib
0x00007fff5cf55000 	/usr/lib/system/libkxld.dylib
0x00007fff405ce000 	/System/Library/PrivateFrameworks/AppleFSCompression.framework/Versions/A/AppleFSCompression
0x00007fff5a26d000 	/usr/lib/libOpenScriptingUtil.dylib
0x00007fff5a94b000 	/usr/lib/libcoretls.dylib
0x00007fff5a962000 	/usr/lib/libcoretls_cfhelpers.dylib
0x00007fff5c5ef000 	/usr/lib/libpam.2.dylib
0x00007fff5c7b2000 	/usr/lib/libsqlite3.dylib
0x00007fff5cc1a000 	/usr/lib/libxar.1.dylib
0x00007fff5a5f9000 	/usr/lib/libbz2.1.0.dylib
0x00007fff5b576000 	/usr/lib/liblzma.5.dylib
0x00007fff5ba6c000 	/usr/lib/libnetwork.dylib
0x00007fff5a44d000 	/usr/lib/libapple_nghttp2.dylib
0x00007fff5c5f6000 	/usr/lib/libpcap.A.dylib
0x00007fff31313000 	/System/Library/Frameworks/CoreServices.framework/Versions/A/Frameworks/FSEvents.framework/Versions/A/FSEvents
0x00007fff30fef000 	/System/Library/Frameworks/CoreServices.framework/Versions/A/Frameworks/CarbonCore.framework/Versions/A/CarbonCore
0x00007fff314e8000 	/System/Library/Frameworks/CoreServices.framework/Versions/A/Frameworks/Metadata.framework/Versions/A/Metadata
0x00007fff3158b000 	/System/Library/Frameworks/CoreServices.framework/Versions/A/Frameworks/OSServices.framework/Versions/A/OSServices
0x00007fff315d7000 	/System/Library/Frameworks/CoreServices.framework/Versions/A/Frameworks/SearchKit.framework/Versions/A/SearchKit
0x00007fff30f70000 	/System/Library/Frameworks/CoreServices.framework/Versions/A/Frameworks/AE.framework/Versions/A/AE
0x00007fff3131c000 	/System/Library/Frameworks/CoreServices.framework/Versions/A/Frameworks/LaunchServices.framework/Versions/A/LaunchServices
0x00007fff312c8000 	/System/Library/Frameworks/CoreServices.framework/Versions/A/Frameworks/DictionaryServices.framework/Versions/A/DictionaryServices
0x00007fff31646000 	/System/Library/Frameworks/CoreServices.framework/Versions/A/Frameworks/SharedFileList.framework/Versions/A/SharedFileList
0x00007fff35dc7000 	/System/Library/Frameworks/NetFS.framework/Versions/A/NetFS
0x00007fff4f7d0000 	/System/Library/PrivateFrameworks/NetAuth.framework/Versions/A/NetAuth
0x00007fff59c68000 	/System/Library/PrivateFrameworks/login.framework/Versions/A/Frameworks/loginsupport.framework/Versions/A/loginsupport
0x00007fff57c74000 	/System/Library/PrivateFrameworks/TCC.framework/Versions/A/TCC
0x00007fff442ee000 	/System/Library/PrivateFrameworks/CoreNLP.framework/Versions/A/CoreNLP
0x00007fff4f224000 	/System/Library/PrivateFrameworks/MetadataUtilities.framework/Versions/A/MetadataUtilities
0x00007fff5b657000 	/usr/lib/libmecabra.dylib
0x00007fff2e097000 	/System/Library/Frameworks/ApplicationServices.framework/Versions/A/Frameworks/ATS.framework/Versions/A/ATS
0x00007fff2e402000 	/System/Library/Frameworks/ApplicationServices.framework/Versions/A/Frameworks/ColorSyncLegacy.framework/Versions/A/ColorSyncLegacy
0x00007fff2e4a3000 	/System/Library/Frameworks/ApplicationServices.framework/Versions/A/Frameworks/HIServices.framework/Versions/A/HIServices
0x00007fff2e4f6000 	/System/Library/Frameworks/ApplicationServices.framework/Versions/A/Frameworks/LangAnalysis.framework/Versions/A/LangAnalysis
0x00007fff2e505000 	/System/Library/Frameworks/ApplicationServices.framework/Versions/A/Frameworks/PrintCore.framework/Versions/A/PrintCore
0x00007fff2e552000 	/System/Library/Frameworks/ApplicationServices.framework/Versions/A/Frameworks/QD.framework/Versions/A/QD
0x00007fff2e58e000 	/System/Library/Frameworks/ApplicationServices.framework/Versions/A/Frameworks/SpeechSynthesis.framework/Versions/A/SpeechSynthesis
0x00007fff5a688000 	/usr/lib/libcompression.dylib
0x00007fff2fbc8000 	/System/Library/Frameworks/CoreDisplay.framework/Versions/A/CoreDisplay
0x00007fff34bc9000 	/System/Library/Frameworks/MetalPerformanceShaders.framework/Versions/A/MetalPerformanceShaders
0x00007fff2bff6000 	/System/Library/Frameworks/Accelerate.framework/Versions/A/Frameworks/vImage.framework/Versions/A/vImage
0x00007fff2d072000 	/System/Library/Frameworks/Accelerate.framework/Versions/A/Frameworks/vecLib.framework/Versions/A/vecLib
0x00007fff2cfbc000 	/System/Library/Frameworks/Accelerate.framework/Versions/A/Frameworks/vecLib.framework/Versions/A/libvMisc.dylib
0x00007fff2cdd7000 	/System/Library/Frameworks/Accelerate.framework/Versions/A/Frameworks/vecLib.framework/Versions/A/libvDSP.dylib
0x00007fff2c697000 	/System/Library/Frameworks/Accelerate.framework/Versions/A/Frameworks/vecLib.framework/Versions/A/libBLAS.dylib
0x00007fff2c982000 	/System/Library/Frameworks/Accelerate.framework/Versions/A/Frameworks/vecLib.framework/Versions/A/libLAPACK.dylib
0x00007fff2cd29000 	/System/Library/Frameworks/Accelerate.framework/Versions/A/Frameworks/vecLib.framework/Versions/A/libLinearAlgebra.dylib
0x00007fff2cdc3000 	/System/Library/Frameworks/Accelerate.framework/Versions/A/Frameworks/vecLib.framework/Versions/A/libSparseBLAS.dylib
0x00007fff2cd3f000 	/System/Library/Frameworks/Accelerate.framework/Versions/A/Frameworks/vecLib.framework/Versions/A/libQuadrature.dylib
0x00007fff2c90f000 	/System/Library/Frameworks/Accelerate.framework/Versions/A/Frameworks/vecLib.framework/Versions/A/libBNNS.dylib
0x00007fff2cd45000 	/System/Library/Frameworks/Accelerate.framework/Versions/A/Frameworks/vecLib.framework/Versions/A/libSparse.dylib
0x00007fff4b815000 	/System/Library/PrivateFrameworks/GPUWrangler.framework/Versions/A/GPUWrangler
0x00007fff4dc4a000 	/System/Library/PrivateFrameworks/IOAccelerator.framework/Versions/A/IOAccelerator
0x00007fff4dc55000 	/System/Library/PrivateFrameworks/IOPresentment.framework/Versions/A/IOPresentment
0x00007fff450f7000 	/System/Library/PrivateFrameworks/DSExternalDisplay.framework/Versions/A/DSExternalDisplay
0x00007fff3927b000 	/System/Library/Frameworks/OpenGL.framework/Versions/A/Libraries/libCoreFSCache.dylib
0x00007fff349b1000 	/System/Library/Frameworks/MetalPerformanceShaders.framework/Frameworks/MPSCore.framework/Versions/A/MPSCore
0x00007fff349d2000 	/System/Library/Frameworks/MetalPerformanceShaders.framework/Frameworks/MPSImage.framework/Versions/A/MPSImage
0x00007fff34a7a000 	/System/Library/Frameworks/MetalPerformanceShaders.framework/Frameworks/MPSNeuralNetwork.framework/Versions/A/MPSNeuralNetwork
0x00007fff34a51000 	/System/Library/Frameworks/MetalPerformanceShaders.framework/Frameworks/MPSMatrix.framework/Versions/A/MPSMatrix
0x00007fff34bad000 	/System/Library/Frameworks/MetalPerformanceShaders.framework/Frameworks/MPSRayIntersector.framework/Versions/A/MPSRayIntersector
0x00007fff4f24d000 	/System/Library/PrivateFrameworks/MetalTools.framework/Versions/A/MetalTools
0x00007fff3fcc8000 	/System/Library/PrivateFrameworks/AggregateDictionary.framework/Versions/A/AggregateDictionary
0x00007fff5a24d000 	/usr/lib/libMobileGestalt.dylib
0x00007fff31b18000 	/System/Library/Frameworks/CoreVideo.framework/Versions/A/CoreVideo
0x00007fff4c685000 	/System/Library/PrivateFrameworks/GraphVisualizer.framework/Versions/A/GraphVisualizer
0x00007fff46420000 	/System/Library/PrivateFrameworks/FaceCore.framework/Versions/A/FaceCore
0x00007fff38893000 	/System/Library/Frameworks/OpenCL.framework/Versions/A/OpenCL
0x00007fff5a034000 	/usr/lib/libFosl_dynamic.dylib
0x00007fff500a8000 	/System/Library/PrivateFrameworks/OTSVG.framework/Versions/A/OTSVG
0x00007fff2e19b000 	/System/Library/Frameworks/ApplicationServices.framework/Versions/A/Frameworks/ATS.framework/Versions/A/Resources/libFontParser.dylib
0x00007fff2e2bb000 	/System/Library/Frameworks/ApplicationServices.framework/Versions/A/Frameworks/ATS.framework/Versions/A/Resources/libFontRegistry.dylib
0x00007fff32aac000 	/System/Library/Frameworks/ImageIO.framework/Versions/A/Resources/libJPEG.dylib
0x00007fff32dce000 	/System/Library/Frameworks/ImageIO.framework/Versions/A/Resources/libTIFF.dylib
0x00007fff32da4000 	/System/Library/Frameworks/ImageIO.framework/Versions/A/Resources/libPng.dylib
0x00007fff329c1000 	/System/Library/Frameworks/ImageIO.framework/Versions/A/Resources/libGIF.dylib
0x00007fff329c6000 	/System/Library/Frameworks/ImageIO.framework/Versions/A/Resources/libJP2.dylib
0x00007fff32dcb000 	/System/Library/Frameworks/ImageIO.framework/Versions/A/Resources/libRadiance.dylib
0x00007fff40727000 	/System/Library/PrivateFrameworks/AppleJPEG.framework/Versions/A/AppleJPEG
0x00007fff39286000 	/System/Library/Frameworks/OpenGL.framework/Versions/A/Libraries/libGFXShared.dylib
0x00007fff39449000 	/System/Library/Frameworks/OpenGL.framework/Versions/A/Libraries/libGLU.dylib
0x00007fff3928f000 	/System/Library/Frameworks/OpenGL.framework/Versions/A/Libraries/libGL.dylib
0x00007fff3929b000 	/System/Library/Frameworks/OpenGL.framework/Versions/A/Libraries/libGLImage.dylib
0x00007fff39278000 	/System/Library/Frameworks/OpenGL.framework/Versions/A/Libraries/libCVMSPluginSupport.dylib
0x00007fff39281000 	/System/Library/Frameworks/OpenGL.framework/Versions/A/Libraries/libCoreVMClient.dylib
0x00007fff5afda000 	/usr/lib/libcups.2.dylib
0x00007fff33ec6000 	/System/Library/Frameworks/Kerberos.framework/Versions/A/Kerberos
0x00007fff32476000 	/System/Library/Frameworks/GSS.framework/Versions/A/GSS
0x00007fff5c746000 	/usr/lib/libresolv.9.dylib
0x00007fff5b1d2000 	/usr/lib/libiconv.2.dylib
0x00007fff4c7e5000 	/System/Library/PrivateFrameworks/Heimdal.framework/Versions/A/Heimdal
0x00007fff5b1a1000 	/usr/lib/libheimdal-asn1.dylib
0x00007fff38909000 	/System/Library/Frameworks/OpenDirectory.framework/Versions/A/OpenDirectory
0x00007fff42fea000 	/System/Library/PrivateFrameworks/CommonAuth.framework/Versions/A/CommonAuth
0x00007fff388ec000 	/System/Library/Frameworks/OpenDirectory.framework/Versions/A/Frameworks/CFOpenDirectory.framework/Versions/A/CFOpenDirectory
0x00007fff3ba77000 	/System/Library/Frameworks/SecurityFoundation.framework/Versions/A/SecurityFoundation
0x00007fff3f1d7000 	/System/Library/PrivateFrameworks/APFS.framework/Versions/A/APFS
0x00007fff5cc16000 	/usr/lib/libutil.dylib
0x00007fff5a676000 	/usr/lib/libcharset.1.dylib
0x00007fff409c3000 	/System/Library/PrivateFrameworks/AppleSauce.framework/Versions/A/AppleSauce
0x00007fff40b51000 	/System/Library/PrivateFrameworks/AssertionServices.framework/Versions/A/AssertionServices
0x00007fff413c4000 	/System/Library/PrivateFrameworks/BaseBoard.framework/Versions/A/BaseBoard
0x00007fff5b5a6000 	/usr/lib/libmecab.1.0.0.dylib
0x00007fff5b19b000 	/usr/lib/libgermantok.dylib
0x00007fff5a439000 	/usr/lib/libThaiTokenizer.dylib
0x00007fff59f60000 	/usr/lib/libChineseTokenizer.dylib
0x00007fff4e381000 	/System/Library/PrivateFrameworks/LanguageModeling.framework/Versions/A/LanguageModeling
0x00007fff43d04000 	/System/Library/PrivateFrameworks/CoreEmoji.framework/Versions/A/CoreEmoji
0x00007fff4e479000 	/System/Library/PrivateFrameworks/Lexicon.framework/Versions/A/Lexicon
0x00007fff4e4c1000 	/System/Library/PrivateFrameworks/LinguisticData.framework/Versions/A/LinguisticData
0x00007fff5a677000 	/usr/lib/libcmph.dylib
0x00007fff3bb38000 	/System/Library/Frameworks/ServiceManagement.framework/Versions/A/ServiceManagement
0x00007fff41317000 	/System/Library/PrivateFrameworks/BackgroundTaskManagement.framework/Versions/A/BackgroundTaskManagement
0x00007fff5cd10000 	/usr/lib/libxslt.1.dylib
0x00007fff2f28b000 	/System/Library/Frameworks/Carbon.framework/Versions/A/Frameworks/Ink.framework/Versions/A/Ink
0x00007fff57ef4000 	/System/Library/PrivateFrameworks/TextureIO.framework/Versions/A/TextureIO
0x00007fff5a48e000 	/usr/lib/libate.dylib
0x00007fff45053000 	/System/Library/PrivateFrameworks/CrashReporterSupport.framework/Versions/A/CrashReporterSupport
0x00007fff54f15000 	/System/Library/PrivateFrameworks/Sharing.framework/Versions/A/Sharing
0x00007fff40ea3000 	/System/Library/PrivateFrameworks/AuthKit.framework/Versions/A/AuthKit
0x00007fff402c6000 	/System/Library/PrivateFrameworks/Apple80211.framework/Versions/A/Apple80211
0x00007fff44e13000 	/System/Library/PrivateFrameworks/CoreUtils.framework/Versions/A/CoreUtils
0x00007fff31b56000 	/System/Library/Frameworks/CoreWLAN.framework/Versions/A/CoreWLAN
0x00007fff325c0000 	/System/Library/Frameworks/IOBluetooth.framework/Versions/A/IOBluetooth
0x00007fff53237000 	/System/Library/PrivateFrameworks/ProtocolBuffer.framework/Versions/A/ProtocolBuffer
0x00007fff4f48a000 	/System/Library/PrivateFrameworks/MobileKeyBag.framework/Versions/A/MobileKeyBag
0x00007fff4462b000 	/System/Library/PrivateFrameworks/CorePhoneNumbers.framework/Versions/A/CorePhoneNumbers
0x00007fff406db000 	/System/Library/PrivateFrameworks/AppleIDAuthSupport.framework/Versions/A/AppleIDAuthSupport
0x00007fff4e352000 	/System/Library/PrivateFrameworks/KeychainCircle.framework/Versions/A/KeychainCircle
0x00007fff53404000 	/System/Library/PrivateFrameworks/ROCKit.framework/Versions/A/ROCKit
0x00007fff44fef000 	/System/Library/PrivateFrameworks/CoreWiFi.framework/Versions/A/CoreWiFi
0x00007fff2f7fa000 	/System/Library/Frameworks/CoreBluetooth.framework/Versions/A/CoreBluetooth
0x00007fff45243000 	/System/Library/PrivateFrameworks/DebugSymbols.framework/Versions/A/DebugSymbols
0x00007fff44bc8000 	/System/Library/PrivateFrameworks/CoreSymbolication.framework/Versions/A/CoreSymbolication
0x00007fff576de000 	/System/Library/PrivateFrameworks/Symbolication.framework/Versions/A/Symbolication
0x00007fff56870000 	/System/Library/PrivateFrameworks/SpeechRecognitionCore.framework/Versions/A/SpeechRecognitionCore
0x0000000107317000 	/Library/Java/JavaVirtualMachines/jdk-9.0.4.jdk/Contents/Home/lib/server/libjvm.dylib
0x00007fff5cada000 	/usr/lib/libstdc++.6.dylib
0x0000000107fba000 	/Library/Java/JavaVirtualMachines/jdk-9.0.4.jdk/Contents/Home/lib/libverify.dylib
0x0000000107fc7000 	/Library/Java/JavaVirtualMachines/jdk-9.0.4.jdk/Contents/Home/lib/libjava.dylib
0x0000000108800000 	/Library/Java/JavaVirtualMachines/jdk-9.0.4.jdk/Contents/Home/lib/libjdwp.dylib
0x000000010883d000 	/Library/Java/JavaVirtualMachines/jdk-9.0.4.jdk/Contents/Home/lib/libinstrument.dylib
0x00000001088d1000 	/Library/Java/JavaVirtualMachines/jdk-9.0.4.jdk/Contents/Home/lib/libzip.dylib
0x00000001088d9000 	/Library/Java/JavaVirtualMachines/jdk-9.0.4.jdk/Contents/Home/lib/libjimage.dylib
0x000000010ec67000 	/Library/Java/JavaVirtualMachines/jdk-9.0.4.jdk/Contents/Home/lib/libnio.dylib
0x000000010ec77000 	/Library/Java/JavaVirtualMachines/jdk-9.0.4.jdk/Contents/Home/lib/./libnet.dylib
0x000000010edaf000 	/Library/Java/JavaVirtualMachines/jdk-9.0.4.jdk/Contents/Home/lib/libdt_socket.dylib

VM Arguments:
jvm_args: -agentlib:jdwp=transport=dt_socket,suspend=y,address=localhost:50624 -javaagent:/Users/jah/eclipse/java-2018-12/Eclipse.app/Contents/Eclipse/configuration/org.eclipse.osgi/215/0/.cp/lib/javaagent-shaded.jar -Dfile.encoding=UTF-8 --module-path=/Users/jah/eclipse-workspace/DecoratorPattern_Assignment5/bin -Djdk.module.main=DecoratorPattern_Assignment5 
java_command: DecoratorPattern_Assignment5/receiptsystem.Main
java_class_path (initial): <not set>
Launcher Type: SUN_STANDARD

Logging:
Log output configuration:
#0: stdout all=warning uptime,level,tags
#1: stderr all=off uptime,level,tags

Environment Variables:
PATH=/usr/bin:/bin:/usr/sbin:/sbin
SHELL=/bin/bash

Signal Handlers:
SIGSEGV: [libjvm.dylib+0x73f3dc], sa_mask[0]=11111111011111110111111111111111, sa_flags=SA_ONSTACK|SA_RESTART|SA_SIGINFO
SIGBUS: [libjvm.dylib+0x73f3dc], sa_mask[0]=11111111011111110111111111111111, sa_flags=SA_RESTART|SA_SIGINFO
SIGFPE: [libjvm.dylib+0x73f3dc], sa_mask[0]=11111111011111110111111111111111, sa_flags=SA_RESTART|SA_SIGINFO
SIGPIPE: [libjvm.dylib+0x5f233c], sa_mask[0]=11111111011111110111111111111111, sa_flags=SA_RESTART|SA_SIGINFO
SIGXFSZ: [libjvm.dylib+0x5f233c], sa_mask[0]=11111111011111110111111111111111, sa_flags=SA_RESTART|SA_SIGINFO
SIGILL: [libjvm.dylib+0x73f3dc], sa_mask[0]=11111111011111110111111111111111, sa_flags=SA_RESTART|SA_SIGINFO
SIGUSR2: [libjvm.dylib+0x5f2bcc], sa_mask[0]=00100000000000000000000000000000, sa_flags=SA_RESTART|SA_SIGINFO
SIGHUP: [libjvm.dylib+0x5f1409], sa_mask[0]=11111111011111110111111111111111, sa_flags=SA_RESTART|SA_SIGINFO
SIGINT: [libjvm.dylib+0x5f1409], sa_mask[0]=11111111011111110111111111111111, sa_flags=SA_RESTART|SA_SIGINFO
SIGTERM: [libjvm.dylib+0x5f1409], sa_mask[0]=11111111011111110111111111111111, sa_flags=SA_RESTART|SA_SIGINFO
SIGQUIT: [libjvm.dylib+0x5f1409], sa_mask[0]=11111111011111110111111111111111, sa_flags=SA_RESTART|SA_SIGINFO


---------------  S Y S T E M  ---------------

OS:uname:Darwin 18.2.0 Darwin Kernel Version 18.2.0: Thu Dec 20 20:46:53 PST 2018; root:xnu-4903.241.1~1/RELEASE_X86_64 x86_64
rlimit: STACK 8192k, CORE 0k, NPROC 709, NOFILE 10240, AS infinity
load average:2.43 2.44 2.30

CPU:total 4 (initial active 4) (2 cores per cpu, 2 threads per core) family 6 model 61 stepping 4, cmov, cx8, fxsr, mmx, sse, sse2, sse3, ssse3, sse4.1, sse4.2, popcnt, avx, avx2, aes, clmul, erms, 3dnowpref, lzcnt, ht, tsc, tscinvbit, bmi1, bmi2, adx, fma

Memory: 4k page, physical 8388608k(589516k free)

vm_info: Java HotSpot(TM) 64-Bit Server VM (9.0.4+11) for bsd-amd64 JRE (9.0.4+11), built on Dec 20 2017 02:08:50 by "mach5one" with gcc 4.2.1 Compatible Apple LLVM 6.1.0 (clang-602.0.49)

END.
